<?xml version="1.0" encoding="UTF-8"?>
<!-- Generated by org.testng.reporters.JUnitReportReporter -->
<testsuite hostname="LAPTOP-2HGBSJMG" failures="0" tests="1" name="com.test.LandingPageTest" time="44.451" errors="0" timestamp="2021-09-16T23:29:22 IST" skipped="0">
  <testcase classname="com.test.LandingPageTest" name="verifyClickOnSignin" time="44.451"/>
  <system-out/>
</testsuite> <!-- com.test.LandingPageTest -->
