<?xml version="1.0" encoding="UTF-8"?>
<!-- Generated by org.testng.reporters.JUnitReportReporter -->
<testsuite hostname="LAPTOP-2HGBSJMG" failures="0" tests="1" name="com.test.TC001" time="165.321" errors="0" timestamp="2021-09-17T19:25:31 IST" skipped="0">
  <testcase classname="com.test.TC001" name="verifyTC001" time="165.321"/>
  <system-out/>
</testsuite> <!-- com.test.TC001 -->
