<?xml version="1.0" encoding="UTF-8"?>
<!-- Generated by org.testng.reporters.JUnitReportReporter -->
<testsuite hostname="LAPTOP-2HGBSJMG" failures="0" tests="1" name="com.test.TC001_End_To_End" time="60.149" errors="0" timestamp="2021-09-20T14:47:08 IST" skipped="0">
  <testcase classname="com.test.TC001_End_To_End" name="verifyTC001" time="60.149"/>
  <system-out/>
</testsuite> <!-- com.test.TC001_End_To_End -->
